<?xml version="1.0" encoding="UTF-8"?>
<!-- Generated by org.testng.reporters.JUnitReportReporter -->
<testsuite hostname="LAPTOP-2QICDJTA" failures="0" tests="1" name="uk.co.automationtesting.TestCases.ShopLoginTest" time="1.506" errors="0" timestamp="2023-05-29T14:30:58 AEST" skipped="0">
  <testcase classname="uk.co.automationtesting.TestCases.ShopLoginTest" name="loginTest" time="1.506"/>
  <system-out/>
</testsuite> <!-- uk.co.automationtesting.TestCases.ShopLoginTest -->
