<?xml version="1.0" encoding="UTF-8"?>
<!-- Generated by org.testng.reporters.JUnitReportReporter -->
<testsuite hostname="LAPTOP-2QICDJTA" failures="0" tests="4" name="uk.co.automationtesting.TestCases.ShopLoginTest" time="2.979" errors="0" timestamp="2023-06-01T23:05:38 AEST" skipped="0">
  <testcase classname="uk.co.automationtesting.TestCases.ShopLoginTest" name="loginTest" time="0.508"/>
  <system-out/>
  <testcase classname="uk.co.automationtesting.TestCases.ShopLoginTest" name="loginTest" time="1.497"/>
  <system-out/>
  <testcase classname="uk.co.automationtesting.TestCases.ShopLoginTest" name="loginTest" time="0.513"/>
  <system-out/>
  <testcase classname="uk.co.automationtesting.TestCases.ShopLoginTest" name="loginTest" time="0.461"/>
  <system-out/>
</testsuite> <!-- uk.co.automationtesting.TestCases.ShopLoginTest -->
