<?xml version="1.0" encoding="UTF-8"?>
<!-- Generated by org.testng.reporters.JUnitReportReporter -->
<testsuite hostname="LAPTOP-2QICDJTA" failures="0" tests="4" name="testCases.ShopLoginTest" time="3.380" errors="0" timestamp="2023-06-04T11:12:25 AEST" skipped="0">
  <testcase classname="testCases.ShopLoginTest" name="loginTest" time="2.057"/>
  <system-out/>
  <testcase classname="testCases.ShopLoginTest" name="loginTest" time="0.405"/>
  <system-out/>
  <testcase classname="testCases.ShopLoginTest" name="loginTest" time="0.443"/>
  <system-out/>
  <testcase classname="testCases.ShopLoginTest" name="loginTest" time="0.475"/>
  <system-out/>
</testsuite> <!-- testCases.ShopLoginTest -->
